2024-09-10 13:06:32,360 - INFO - OHLCV fetched. Current price: 56711.9
2024-09-10 13:06:32,787 - INFO - OHLCV fetched. Current price: 56711.9
2024-09-10 13:06:32,791 - INFO - Indicators calculated. SMA: 56983.53499999999, RSI: 35.36656627859942, Lower BB: 56528.153268811744, Upper BB: 57438.916731188234
2024-09-10 13:06:33,580 - INFO - Order book fetched. Top ask: [56706.2, 1.0], Top bid: [56699.1, 1.0]
2024-09-10 13:06:33,580 - INFO - Market depth analyzed. Asks volume: 21987.0, Bids volume: 15294.0
2024-09-10 13:07:32,851 - INFO - Indicators calculated. SMA: 56983.53499999999, RSI: 35.36656627859942, Lower BB: 56528.153268811744, Upper BB: 57438.916731188234
2024-09-10 13:07:33,961 - INFO - Order book fetched. Top ask: [56718.6, 1.0], Top bid: [56711.2, 1.0]
2024-09-10 13:07:33,961 - INFO - Market depth analyzed. Asks volume: 26312.0, Bids volume: 13943.0
2024-09-10 13:08:32,912 - INFO - Deltas calculated. Delta asks: -4325.0, Delta bids: 1351.0
2024-09-10 13:08:32,913 - INFO - Indicators calculated. SMA: 56983.53499999999, RSI: 35.36656627859942, Lower BB: 56528.153268811744, Upper BB: 57438.916731188234
2024-09-10 13:08:34,473 - INFO - Order book fetched. Top ask: [56659.2, 1.0], Top bid: [56654.2, 1.0]
2024-09-10 13:08:34,473 - INFO - Market depth analyzed. Asks volume: 13050.0, Bids volume: 12061.0
2024-09-10 13:09:32,939 - INFO - Deltas calculated. Delta asks: 13262.0, Delta bids: 1882.0
2024-09-10 13:09:32,941 - INFO - Indicators calculated. SMA: 56983.53499999999, RSI: 35.36656627859942, Lower BB: 56528.153268811744, Upper BB: 57438.916731188234
2024-09-10 13:09:32,941 - INFO - Short trade signal detected
2024-09-10 13:09:32,941 - INFO - Position size calculated: 0.0007053193421486495
2024-09-10 13:09:32,942 - INFO - Trade signal: SHORT 0.0007053193421486495 XBTUSDM at 56711.9
2024-09-10 13:09:32,942 - INFO - Stop Loss set at 58696.81649999999, Take Profit set at 54443.424
2024-09-10 13:09:34,889 - INFO - Order book fetched. Top ask: [56668.3, 1.0], Top bid: [56660.6, 3350.0]
2024-09-10 13:09:34,889 - INFO - Market depth analyzed. Asks volume: 14075.0, Bids volume: 17694.0
2024-09-10 13:10:32,999 - INFO - Deltas calculated. Delta asks: -1025.0, Delta bids: -5633.0
2024-09-10 13:10:33,001 - INFO - Indicators calculated. SMA: 56983.53499999999, RSI: 35.36656627859942, Lower BB: 56528.153268811744, Upper BB: 57438.916731188234
2024-09-10 13:10:35,407 - INFO - Order book fetched. Top ask: [56639.4, 3351.0], Top bid: [56637.8, 1.0]
2024-09-10 13:10:35,407 - INFO - Market depth analyzed. Asks volume: 71503.0, Bids volume: 12062.0
2024-09-10 13:11:33,059 - INFO - Deltas calculated. Delta asks: -57428.0, Delta bids: 5632.0
2024-09-10 13:11:33,061 - INFO - Indicators calculated. SMA: 56983.53499999999, RSI: 35.36656627859942, Lower BB: 56528.153268811744, Upper BB: 57438.916731188234
2024-09-10 13:11:33,061 - INFO - Close short position signal detected
2024-09-10 13:11:33,061 - INFO - Position closed: BUY 0.0007053193421486495 XBTUSDM at 56711.9. Reason: Cambio alcista detectado. PnL: 0.0
2024-09-10 13:11:36,745 - INFO - Order book fetched. Top ask: [56735.6, 1.0], Top bid: [56734.9, 1.0]
2024-09-10 13:11:36,745 - INFO - Market depth analyzed. Asks volume: 17848.0, Bids volume: 10728.0
