2024-09-10 13:16:26,805 - INFO - OHLCV fetched. Current price: 56620.5
2024-09-10 13:16:27,138 - INFO - OHLCV fetched. Current price: 56620.5
2024-09-10 13:16:27,140 - INFO - Indicators calculated. SMA: 56958.134999999995, RSI: 36.73119673953315, Lower BB: 56364.02594921996, Upper BB: 57552.24405078003
2024-09-10 13:16:27,247 - INFO - Order book fetched. Top ask: [56646.4, 3350.0], Top bid: [56641.2, 1.0]
2024-09-10 13:16:27,248 - INFO - Market depth analyzed. Asks volume: 42070.0, Bids volume: 16751.0
2024-09-10 13:17:27,208 - INFO - Indicators calculated. SMA: 56958.134999999995, RSI: 36.73119673953315, Lower BB: 56364.02594921996, Upper BB: 57552.24405078003
2024-09-10 13:17:27,675 - INFO - Order book fetched. Top ask: [56671.2, 20001.0], Top bid: [56669.6, 1.0]
2024-09-10 13:17:27,676 - INFO - Market depth analyzed. Asks volume: 70434.0, Bids volume: 17176.0
2024-09-10 13:18:27,267 - INFO - Deltas calculated. Delta asks: -28364.0, Delta bids: -425.0
2024-09-10 13:18:27,269 - INFO - Indicators calculated. SMA: 56958.134999999995, RSI: 36.73119673953315, Lower BB: 56364.02594921996, Upper BB: 57552.24405078003
2024-09-10 13:18:28,115 - INFO - Order book fetched. Top ask: [56682.0, 14001.0], Top bid: [56673.3, 2014.0]
2024-09-10 13:18:28,115 - INFO - Market depth analyzed. Asks volume: 27763.0, Bids volume: 14079.0
2024-09-10 13:19:27,327 - INFO - Deltas calculated. Delta asks: 42671.0, Delta bids: 3097.0
2024-09-10 13:19:27,329 - INFO - Indicators calculated. SMA: 56958.134999999995, RSI: 36.73119673953315, Lower BB: 56364.02594921996, Upper BB: 57552.24405078003
2024-09-10 13:19:27,329 - INFO - Short trade signal detected
2024-09-10 13:19:27,330 - INFO - Position size calculated: 0.0007064579083547478
2024-09-10 13:19:27,330 - INFO - Trade signal: SHORT 0.0007064579083547478 XBTUSDM at 56620.5
2024-09-10 13:19:27,330 - INFO - Trailing Stop Loss set at 58602.2175
2024-09-10 13:19:28,513 - INFO - Order book fetched. Top ask: [56709.3, 5076.0], Top bid: [56708.5, 1.0]
2024-09-10 13:19:28,514 - INFO - Market depth analyzed. Asks volume: 59045.0, Bids volume: 11177.0
2024-09-10 13:20:27,336 - INFO - Deltas calculated. Delta asks: -31282.0, Delta bids: 2902.0
2024-09-10 13:20:27,338 - INFO - Indicators calculated. SMA: 56958.134999999995, RSI: 36.73119673953315, Lower BB: 56364.02594921996, Upper BB: 57552.24405078003
2024-09-10 13:20:27,338 - INFO - Close short position signal detected
2024-09-10 13:20:27,339 - INFO - Position closed: BUY 0.0007064579083547478 XBTUSDM at 56620.5. Reason: Cambio alcista detectado. PnL: 0.0
2024-09-10 13:20:28,933 - INFO - Order book fetched. Top ask: [56720.5, 1.0], Top bid: [56720.4, 3351.0]
2024-09-10 13:20:28,933 - INFO - Market depth analyzed. Asks volume: 25364.0, Bids volume: 19003.0
2024-09-10 13:21:27,371 - INFO - Deltas calculated. Delta asks: 33681.0, Delta bids: -7826.0
2024-09-10 13:21:27,373 - INFO - Indicators calculated. SMA: 56958.134999999995, RSI: 36.73119673953315, Lower BB: 56364.02594921996, Upper BB: 57552.24405078003
2024-09-10 13:21:27,374 - INFO - Short trade signal detected
2024-09-10 13:21:27,374 - INFO - Position size calculated: 0.0007064579083547478
2024-09-10 13:21:27,374 - INFO - Trade signal: SHORT 0.0007064579083547478 XBTUSDM at 56620.5
2024-09-10 13:21:27,374 - INFO - Trailing Stop Loss set at 58602.2175
2024-09-10 13:21:30,275 - INFO - Order book fetched. Top ask: [56708.6, 16999.0], Top bid: [56708.5, 1.0]
2024-09-10 13:21:30,275 - INFO - Market depth analyzed. Asks volume: 62994.0, Bids volume: 10732.0
2024-09-10 13:22:27,431 - INFO - Deltas calculated. Delta asks: -37630.0, Delta bids: 8271.0
2024-09-10 13:22:27,433 - INFO - Indicators calculated. SMA: 56958.134999999995, RSI: 36.73119673953315, Lower BB: 56364.02594921996, Upper BB: 57552.24405078003
2024-09-10 13:22:27,433 - INFO - Close short position signal detected
2024-09-10 13:22:27,433 - INFO - Position closed: BUY 0.0007064579083547478 XBTUSDM at 56620.5. Reason: Cambio alcista detectado. PnL: 0.0
2024-09-10 13:22:30,694 - INFO - Order book fetched. Top ask: [56711.2, 5266.0], Top bid: [56711.1, 3352.0]
2024-09-10 13:22:30,694 - INFO - Market depth analyzed. Asks volume: 28616.0, Bids volume: 19442.0
2024-09-10 13:23:27,451 - INFO - Deltas calculated. Delta asks: 34378.0, Delta bids: -8710.0
2024-09-10 13:23:27,453 - INFO - Indicators calculated. SMA: 56958.134999999995, RSI: 36.73119673953315, Lower BB: 56364.02594921996, Upper BB: 57552.24405078003
2024-09-10 13:23:27,454 - INFO - Short trade signal detected
2024-09-10 13:23:27,455 - INFO - Position size calculated: 0.0007064579083547478
2024-09-10 13:23:27,455 - INFO - Trade signal: SHORT 0.0007064579083547478 XBTUSDM at 56620.5
2024-09-10 13:23:27,455 - INFO - Trailing Stop Loss set at 58602.2175
2024-09-10 13:23:31,113 - INFO - Order book fetched. Top ask: [56726.1, 1.0], Top bid: [56723.3, 1.0]
2024-09-10 13:23:31,114 - INFO - Market depth analyzed. Asks volume: 25028.0, Bids volume: 14079.0
2024-09-10 13:24:27,515 - INFO - Deltas calculated. Delta asks: 3588.0, Delta bids: 5363.0
2024-09-10 13:24:27,517 - INFO - Indicators calculated. SMA: 56958.134999999995, RSI: 36.73119673953315, Lower BB: 56364.02594921996, Upper BB: 57552.24405078003
2024-09-10 13:24:32,456 - INFO - Order book fetched. Top ask: [56767.6, 1.0], Top bid: [56767.5, 3351.0]
2024-09-10 13:24:32,456 - INFO - Market depth analyzed. Asks volume: 21553.0, Bids volume: 15416.0
2024-09-10 13:25:27,530 - INFO - Deltas calculated. Delta asks: 3475.0, Delta bids: -1337.0
2024-09-10 13:25:27,532 - INFO - Indicators calculated. SMA: 56958.134999999995, RSI: 36.73119673953315, Lower BB: 56364.02594921996, Upper BB: 57552.24405078003
2024-09-10 13:25:32,875 - INFO - Order book fetched. Top ask: [56810.1, 17498.0], Top bid: [56809.7, 2.0]
2024-09-10 13:25:32,876 - INFO - Market depth analyzed. Asks volume: 31950.0, Bids volume: 11812.0
2024-09-10 13:26:27,593 - INFO - Deltas calculated. Delta asks: -10397.0, Delta bids: 3604.0
2024-09-10 13:26:27,595 - INFO - Indicators calculated. SMA: 56958.134999999995, RSI: 36.73119673953315, Lower BB: 56364.02594921996, Upper BB: 57552.24405078003
2024-09-10 13:26:27,595 - INFO - Close short position signal detected
2024-09-10 13:26:27,595 - INFO - Position closed: BUY 0.0007064579083547478 XBTUSDM at 56620.5. Reason: Cambio alcista detectado. PnL: 0.0
2024-09-10 13:26:33,293 - INFO - Order book fetched. Top ask: [56769.1, 7571.0], Top bid: [56769.0, 3350.0]
2024-09-10 13:26:33,294 - INFO - Market depth analyzed. Asks volume: 28418.0, Bids volume: 18191.0
2024-09-10 13:27:27,606 - INFO - Deltas calculated. Delta asks: 3532.0, Delta bids: -6379.0
2024-09-10 13:27:27,608 - INFO - Indicators calculated. SMA: 56958.134999999995, RSI: 36.73119673953315, Lower BB: 56364.02594921996, Upper BB: 57552.24405078003
2024-09-10 13:27:27,608 - INFO - Short trade signal detected
2024-09-10 13:27:27,608 - INFO - Position size calculated: 0.0007064579083547478
2024-09-10 13:27:27,609 - INFO - Trade signal: SHORT 0.0007064579083547478 XBTUSDM at 56620.5
2024-09-10 13:27:27,609 - INFO - Trailing Stop Loss set at 58602.2175
2024-09-10 13:27:33,713 - INFO - Order book fetched. Top ask: [56746.6, 20497.0], Top bid: [56744.3, 3055.0]
2024-09-10 13:27:33,713 - INFO - Market depth analyzed. Asks volume: 57452.0, Bids volume: 21818.0
2024-09-10 13:28:27,667 - INFO - Deltas calculated. Delta asks: -29034.0, Delta bids: -3627.0
2024-09-10 13:28:27,669 - INFO - Indicators calculated. SMA: 56958.134999999995, RSI: 36.73119673953315, Lower BB: 56364.02594921996, Upper BB: 57552.24405078003
2024-09-10 13:28:27,669 - INFO - Close short position signal detected
2024-09-10 13:28:27,669 - INFO - Position closed: BUY 0.0007064579083547478 XBTUSDM at 56620.5. Reason: Cambio alcista detectado. PnL: 0.0
2024-09-10 13:28:34,129 - INFO - Order book fetched. Top ask: [56747.2, 2.0], Top bid: [56746.7, 2.0]
2024-09-10 13:28:34,129 - INFO - Market depth analyzed. Asks volume: 19361.0, Bids volume: 12068.0
2024-09-10 13:29:27,730 - INFO - Deltas calculated. Delta asks: 38091.0, Delta bids: 9750.0
2024-09-10 13:29:27,732 - INFO - Indicators calculated. SMA: 56958.134999999995, RSI: 36.73119673953315, Lower BB: 56364.02594921996, Upper BB: 57552.24405078003
2024-09-10 13:29:27,732 - INFO - Short trade signal detected
2024-09-10 13:29:27,733 - INFO - Position size calculated: 0.0007064579083547478
2024-09-10 13:29:27,733 - INFO - Trade signal: SHORT 0.0007064579083547478 XBTUSDM at 56620.5
2024-09-10 13:29:27,733 - INFO - Trailing Stop Loss set at 58602.2175
2024-09-10 13:29:34,553 - INFO - Order book fetched. Top ask: [56784.5, 16999.0], Top bid: [56784.4, 2.0]
2024-09-10 13:29:34,553 - INFO - Market depth analyzed. Asks volume: 40446.0, Bids volume: 11384.0
2024-09-10 13:30:27,745 - INFO - Deltas calculated. Delta asks: -21085.0, Delta bids: 684.0
2024-09-10 13:30:27,747 - INFO - Indicators calculated. SMA: 56958.134999999995, RSI: 36.73119673953315, Lower BB: 56364.02594921996, Upper BB: 57552.24405078003
2024-09-10 13:30:27,747 - INFO - Close short position signal detected
2024-09-10 13:30:27,748 - INFO - Position closed: BUY 0.0007064579083547478 XBTUSDM at 56620.5. Reason: Cambio alcista detectado. PnL: 0.0
2024-09-10 13:30:35,835 - INFO - Order book fetched. Top ask: [56769.2, 77.0], Top bid: [56769.1, 6702.0]
2024-09-10 13:30:35,836 - INFO - Market depth analyzed. Asks volume: 21587.0, Bids volume: 53027.0
2024-09-10 13:31:28,220 - INFO - OHLCV fetched. Current price: 56769.2
2024-09-10 13:31:28,220 - INFO - Deltas calculated. Delta asks: 18859.0, Delta bids: -41643.0
2024-09-10 13:31:28,221 - INFO - Indicators calculated. SMA: 56952.425, RSI: 46.28938640132662, Lower BB: 56378.25560059008, Upper BB: 57526.59439940993
2024-09-10 13:31:28,222 - INFO - Short trade signal detected
2024-09-10 13:31:28,222 - INFO - Position size calculated: 0.0007046074279715057
2024-09-10 13:31:28,222 - INFO - Trade signal: SHORT 0.0007046074279715057 XBTUSDM at 56769.2
2024-09-10 13:31:28,223 - INFO - Trailing Stop Loss set at 58756.121999999996
2024-09-10 13:31:36,307 - INFO - Order book fetched. Top ask: [56788.5, 24715.0], Top bid: [56785.9, 2.0]
2024-09-10 13:31:36,307 - INFO - Market depth analyzed. Asks volume: 50807.0, Bids volume: 18677.0
2024-09-10 13:32:28,262 - INFO - Deltas calculated. Delta asks: -29220.0, Delta bids: 34350.0
2024-09-10 13:32:28,264 - INFO - Indicators calculated. SMA: 56952.425, RSI: 46.28938640132662, Lower BB: 56378.25560059008, Upper BB: 57526.59439940993
2024-09-10 13:32:28,264 - INFO - Close short position signal detected
2024-09-10 13:32:28,264 - INFO - Position closed: BUY 0.0007046074279715057 XBTUSDM at 56769.2. Reason: Cambio alcista detectado. PnL: 0.0
2024-09-10 13:32:36,724 - INFO - Order book fetched. Top ask: [56742.9, 17001.0], Top bid: [56742.8, 2.0]
2024-09-10 13:32:36,725 - INFO - Market depth analyzed. Asks volume: 31467.0, Bids volume: 46316.0
2024-09-10 13:33:28,272 - INFO - Deltas calculated. Delta asks: 19340.0, Delta bids: -27639.0
2024-09-10 13:33:28,274 - INFO - Indicators calculated. SMA: 56952.425, RSI: 46.28938640132662, Lower BB: 56378.25560059008, Upper BB: 57526.59439940993
2024-09-10 13:33:28,274 - INFO - Short trade signal detected
2024-09-10 13:33:28,274 - INFO - Position size calculated: 0.0007046074279715057
2024-09-10 13:33:28,275 - INFO - Trade signal: SHORT 0.0007046074279715057 XBTUSDM at 56769.2
2024-09-10 13:33:28,275 - INFO - Trailing Stop Loss set at 58756.121999999996
2024-09-10 13:33:37,144 - INFO - Order book fetched. Top ask: [56791.3, 4528.0], Top bid: [56791.2, 6702.0]
2024-09-10 13:33:37,144 - INFO - Market depth analyzed. Asks volume: 27496.0, Bids volume: 17208.0
2024-09-10 13:34:28,335 - INFO - Deltas calculated. Delta asks: 3971.0, Delta bids: 29108.0
2024-09-10 13:34:28,337 - INFO - Indicators calculated. SMA: 56952.425, RSI: 46.28938640132662, Lower BB: 56378.25560059008, Upper BB: 57526.59439940993
2024-09-10 13:34:28,337 - INFO - Close short position signal detected
2024-09-10 13:34:28,338 - INFO - Position closed: BUY 0.0007046074279715057 XBTUSDM at 56769.2. Reason: Cambio alcista detectado. PnL: 0.0
2024-09-10 13:34:37,664 - INFO - Order book fetched. Top ask: [56751.1, 6001.0], Top bid: [56751.0, 2.0]
2024-09-10 13:34:37,664 - INFO - Market depth analyzed. Asks volume: 62126.0, Bids volume: 12065.0
2024-09-10 13:35:28,343 - INFO - Deltas calculated. Delta asks: -34630.0, Delta bids: 5143.0
2024-09-10 13:35:28,345 - INFO - Indicators calculated. SMA: 56952.425, RSI: 46.28938640132662, Lower BB: 56378.25560059008, Upper BB: 57526.59439940993
2024-09-10 13:35:38,185 - INFO - Order book fetched. Top ask: [56832.4, 19999.0], Top bid: [56831.9, 2.0]
2024-09-10 13:35:38,185 - INFO - Market depth analyzed. Asks volume: 69995.0, Bids volume: 19441.0
