2024-09-10 12:55:58,318 - INFO - OHLCV fetched. Current price: 56640.0
2024-09-10 12:55:58,663 - INFO - OHLCV fetched. Current price: 56640.0
2024-09-10 12:55:58,665 - INFO - Indicators calculated. SMA: 57009.780000000006, RSI: 34.190340909090835, Lower BB: 56572.48115664457, Upper BB: 57447.07884335544
2024-09-10 12:55:58,692 - INFO - Order book fetched. Top ask: [56651.4, 3350.0], Top bid: [56646.3, 3350.0]
2024-09-10 12:55:58,693 - INFO - Market depth analyzed. Asks volume: 15417.0, Bids volume: 27068.0
2024-09-10 12:56:58,723 - INFO - Indicators calculated. SMA: 57009.780000000006, RSI: 34.190340909090835, Lower BB: 56572.48115664457, Upper BB: 57447.07884335544
2024-09-10 12:56:59,978 - INFO - Order book fetched. Top ask: [56710.8, 3.0], Top bid: [56704.3, 2012.0]
2024-09-10 12:56:59,978 - INFO - Market depth analyzed. Asks volume: 15420.0, Bids volume: 58356.0
2024-09-10 12:57:58,783 - INFO - Deltas calculated. Delta asks: -3.0, Delta bids: -31288.0
2024-09-10 12:57:58,785 - INFO - Indicators calculated. SMA: 57009.780000000006, RSI: 34.190340909090835, Lower BB: 56572.48115664457, Upper BB: 57447.07884335544
2024-09-10 12:57:58,785 - INFO - Short trade signal detected
2024-09-10 12:57:58,785 - INFO - Position size calculated: 0.0007062146892655367
2024-09-10 12:57:58,785 - INFO - Trade signal: SHORT 0.0007062146892655367 XBTUSDM at 56640.0
2024-09-10 12:57:58,786 - INFO - Stop Loss set at 58622.399999999994, Take Profit set at 54374.4
2024-09-10 12:58:00,510 - INFO - Order book fetched. Top ask: [56682.4, 3352.0], Top bid: [56682.3, 5389.0]
2024-09-10 12:58:00,510 - INFO - Market depth analyzed. Asks volume: 22014.0, Bids volume: 59056.0
2024-09-10 12:58:58,843 - INFO - Deltas calculated. Delta asks: -6594.0, Delta bids: -700.0
2024-09-10 12:58:58,845 - INFO - Indicators calculated. SMA: 57009.780000000006, RSI: 34.190340909090835, Lower BB: 56572.48115664457, Upper BB: 57447.07884335544
2024-09-10 12:58:58,845 - INFO - Close short position signal detected
2024-09-10 12:58:58,845 - INFO - Position closed: BUY 0.0007062146892655367 XBTUSDM at 56640.0. Reason: Cambio alcista detectado. PnL: 0.0
2024-09-10 12:59:00,924 - INFO - Order book fetched. Top ask: [56653.9, 3352.0], Top bid: [56653.8, 33.0]
2024-09-10 12:59:00,925 - INFO - Market depth analyzed. Asks volume: 24029.0, Bids volume: 11275.0
2024-09-10 12:59:58,903 - INFO - Deltas calculated. Delta asks: -2015.0, Delta bids: 47781.0
2024-09-10 12:59:58,905 - INFO - Indicators calculated. SMA: 57009.780000000006, RSI: 34.190340909090835, Lower BB: 56572.48115664457, Upper BB: 57447.07884335544
2024-09-10 13:00:01,366 - INFO - Order book fetched. Top ask: [56581.0, 3353.0], Top bid: [56580.0, 66.0]
2024-09-10 13:00:01,366 - INFO - Market depth analyzed. Asks volume: 17213.0, Bids volume: 26324.0
2024-09-10 13:00:58,952 - INFO - Deltas calculated. Delta asks: 6816.0, Delta bids: -15049.0
2024-09-10 13:00:58,954 - INFO - Indicators calculated. SMA: 57009.780000000006, RSI: 34.190340909090835, Lower BB: 56572.48115664457, Upper BB: 57447.07884335544
2024-09-10 13:00:58,954 - INFO - Short trade signal detected
2024-09-10 13:00:58,954 - INFO - Position size calculated: 0.0007062146892655367
2024-09-10 13:00:58,955 - INFO - Trade signal: SHORT 0.0007062146892655367 XBTUSDM at 56640.0
2024-09-10 13:00:58,955 - INFO - Stop Loss set at 58622.399999999994, Take Profit set at 54374.4
2024-09-10 13:01:02,679 - INFO - Order book fetched. Top ask: [56621.7, 3.0], Top bid: [56617.5, 500.0]
2024-09-10 13:01:02,679 - INFO - Market depth analyzed. Asks volume: 12067.0, Bids volume: 12214.0
2024-09-10 13:01:59,007 - INFO - Deltas calculated. Delta asks: 5146.0, Delta bids: 14110.0
2024-09-10 13:01:59,009 - INFO - Indicators calculated. SMA: 57009.780000000006, RSI: 34.190340909090835, Lower BB: 56572.48115664457, Upper BB: 57447.07884335544
2024-09-10 13:01:59,009 - INFO - Close short position signal detected
2024-09-10 13:01:59,009 - INFO - Position closed: BUY 0.0007062146892655367 XBTUSDM at 56640.0. Reason: Cambio alcista detectado. PnL: 0.0
2024-09-10 13:02:03,144 - INFO - Order book fetched. Top ask: [56622.6, 9353.0], Top bid: [56622.5, 5398.0]
2024-09-10 13:02:03,144 - INFO - Market depth analyzed. Asks volume: 26177.0, Bids volume: 25108.0
2024-09-10 13:02:59,070 - INFO - Deltas calculated. Delta asks: -14110.0, Delta bids: -12894.0
2024-09-10 13:02:59,071 - INFO - Indicators calculated. SMA: 57009.780000000006, RSI: 34.190340909090835, Lower BB: 56572.48115664457, Upper BB: 57447.07884335544
2024-09-10 13:02:59,072 - INFO - Short trade signal detected
2024-09-10 13:02:59,072 - INFO - Position size calculated: 0.0007062146892655367
2024-09-10 13:02:59,072 - INFO - Trade signal: SHORT 0.0007062146892655367 XBTUSDM at 56640.0
2024-09-10 13:02:59,072 - INFO - Stop Loss set at 58622.399999999994, Take Profit set at 54374.4
2024-09-10 13:03:03,615 - INFO - Order book fetched. Top ask: [56595.2, 2.0], Top bid: [56587.3, 1.0]
2024-09-10 13:03:03,616 - INFO - Market depth analyzed. Asks volume: 20775.0, Bids volume: 39511.0
2024-09-10 13:03:59,131 - INFO - Deltas calculated. Delta asks: 5402.0, Delta bids: -14403.0
2024-09-10 13:03:59,132 - INFO - Indicators calculated. SMA: 57009.780000000006, RSI: 34.190340909090835, Lower BB: 56572.48115664457, Upper BB: 57447.07884335544
2024-09-10 13:04:03,972 - INFO - Order book fetched. Top ask: [56609.5, 2.0], Top bid: [56609.4, 3350.0]
2024-09-10 13:04:03,972 - INFO - Market depth analyzed. Asks volume: 10729.0, Bids volume: 60760.0
2024-09-10 13:04:59,191 - INFO - Deltas calculated. Delta asks: 10046.0, Delta bids: -21249.0
2024-09-10 13:04:59,193 - INFO - Indicators calculated. SMA: 57009.780000000006, RSI: 34.190340909090835, Lower BB: 56572.48115664457, Upper BB: 57447.07884335544
